<?xml version="1.0" encoding="UTF-8"?>
<testsuites>
  <testsuite name="before_all_hook0" timestamp="2018-08-21T16:36:49" time="40.307" tests="0" failures="0" errors="0" skipped="0">
    <properties>
      <property name="specId" value="9dbc2777cbe95c075204875eca7ee48c"/>
      <property name="suiteName" value="&quot;before all&quot; hook0"/>
      <property name="capabilities" value="firefox"/>
    </properties>
  </testsuite>
  <testsuite name="constructor_smoke_screenshot_test_colorschemes2" timestamp="2018-08-21T16:36:49" time="23.573" tests="3" failures="0" errors="1" skipped="0">
    <properties>
      <property name="specId" value="9dbc2777cbe95c075204875eca7ee48c"/>
      <property name="suiteName" value="Constructor - smoke screenshot test colorSchemes2"/>
      <property name="capabilities" value="firefox"/>
    </properties>
    <testcase classname="firefox.Constructor - smoke screenshot test colorSchemes2" name="take screenshot4" time="0.398">
      <system-out>
        <![CDATA[
COMMAND: GET http://127.0.0.1:4444/wd/hub/session/8b4dc1d3-1865-49e7-ba43-784939320c62/screenshot - {}
RESULT: null
]]>
      </system-out>
    </testcase>
    <testcase classname="firefox.Constructor - smoke screenshot test colorSchemes2" name="take second screenshot7" time="0.259">
      <system-out>
        <![CDATA[
COMMAND: GET http://127.0.0.1:4444/wd/hub/session/8b4dc1d3-1865-49e7-ba43-784939320c62/screenshot - {}
RESULT: null
]]>
      </system-out>
    </testcase>
    <testcase classname="firefox.Constructor - smoke screenshot test colorSchemes2" name="compare screenshots10" time="0.618">
      <error message="&#xA;expected 0 to be above 0.01&#xA;"/>
      <system-out>
        <![CDATA[
COMMAND: DELETE http://127.0.0.1:4444/wd/hub/session/8b4dc1d3-1865-49e7-ba43-784939320c62 - {}
RESULT: {"state":"success","sessionId":null,"hCode":-1866246268,"value":{},"class":"org.openqa.selenium.remote.Response","status":0}
]]>
      </system-out>
      <system-err>
        <![CDATA[
AssertionError: expected 0 to be above 0.01
    at Context.it (C:/webdriverIO-with-mochaBDD-master/test/specs/scrin.js:42:36)
    at <anonymous>
    at process._tickDomainCallback (internal/process/next_tick.js:228:7)
]]>
      </system-err>
    </testcase>
  </testsuite>
</testsuites>