<?xml version="1.0" encoding="UTF-8"?>
<testsuites>
  <testsuite name="before_all_hook0" timestamp="2018-08-23T18:38:44" time="22.703" tests="0" failures="0" errors="0" skipped="0">
    <properties>
      <property name="specId" value="2d9ead4c3a8df2eef01331102737ffa9"/>
      <property name="suiteName" value="&quot;before all&quot; hook0"/>
      <property name="capabilities" value="chrome"/>
    </properties>
  </testsuite>
  <testsuite name="constructor_smoke_screenshot_test_colorschemes2" timestamp="2018-08-23T18:38:44" time="6.591" tests="3" failures="0" errors="1" skipped="0">
    <properties>
      <property name="specId" value="2d9ead4c3a8df2eef01331102737ffa9"/>
      <property name="suiteName" value="Constructor - smoke screenshot test colorSchemes2"/>
      <property name="capabilities" value="chrome"/>
    </properties>
    <testcase classname="chrome.Constructor - smoke screenshot test colorSchemes2" name="take screenshot4" time="0.417">
      <system-out>
        <![CDATA[
COMMAND: GET http://127.0.0.1:4444/wd/hub/session/702b0463f093d25ee36fb37a3a39aad3/screenshot - {}
RESULT: null
]]>
      </system-out>
    </testcase>
    <testcase classname="chrome.Constructor - smoke screenshot test colorSchemes2" name="take second screenshot7" time="0.376">
      <system-out>
        <![CDATA[
COMMAND: GET http://127.0.0.1:4444/wd/hub/session/702b0463f093d25ee36fb37a3a39aad3/screenshot - {}
RESULT: null
]]>
      </system-out>
    </testcase>
    <testcase classname="chrome.Constructor - smoke screenshot test colorSchemes2" name="compare screenshots10" time="0.82">
      <error message="&#xA;expected 0 to be above 0.01&#xA;"/>
      <system-out>
        <![CDATA[
COMMAND: DELETE http://127.0.0.1:4444/wd/hub/session/702b0463f093d25ee36fb37a3a39aad3 - {}
RESULT: {"sessionId":"702b0463f093d25ee36fb37a3a39aad3","status":0,"value":null}
]]>
      </system-out>
      <system-err>
        <![CDATA[
AssertionError: expected 0 to be above 0.01
    at Context.it (C:/webdriverIO-with-mochaBDD-master/test/specs/scrin/scrin.js:42:36)
    at <anonymous>
    at process._tickDomainCallback (internal/process/next_tick.js:228:7)
]]>
      </system-err>
    </testcase>
  </testsuite>
</testsuites>