<?xml version='1.0'?>
<ns2:test-suite xmlns:ns2='urn:model.allure.qatools.yandex.ru' start='1535043518396' stop='1535043528535'>
    <name>smoke screenshot test</name>
    <title>smoke screenshot test</title>
    <test-cases>
        <test-case start='1535043518428' status='passed' stop='1535043527856'>
            <name>"before all" hook</name>
            <title>"before all" hook</title>
            <labels/>
            <parameters/>
            <steps>
                <step start='1535043518433' status='passed' stop='1535043519582'>
                    <name>POST /wd/hub/session/6a291e2afb31a322ad21a769d9b0fd81/window/current/maximize</name>
                    <title>POST /wd/hub/session/6a291e2afb31a322ad21a769d9b0fd81/window/current/maximize</title>
                    <attachments>
                        <attachment title='Response' source='67204c09-1c01-4817-a4e5-ef178832a515-attachment.json' type='application/json' size='91'/>
                    </attachments>
                    <steps/>
                </step>
                <step start='1535043519587' status='passed' stop='1535043527637'>
                    <name>POST /wd/hub/session/6a291e2afb31a322ad21a769d9b0fd81/url</name>
                    <title>POST /wd/hub/session/6a291e2afb31a322ad21a769d9b0fd81/url</title>
                    <attachments>
                        <attachment title='Request' source='bc6d7df5-3f9a-4485-99ea-73e06b2628ad-attachment.json' type='application/json' size='44'/>
                        <attachment title='Response' source='3f589b18-ad9e-4e34-b497-920382df5dcd-attachment.json' type='application/json' size='91'/>
                    </attachments>
                    <steps/>
                </step>
                <step start='1535043527656' status='passed' stop='1535043527739'>
                    <name>POST /wd/hub/session/6a291e2afb31a322ad21a769d9b0fd81/elements</name>
                    <title>POST /wd/hub/session/6a291e2afb31a322ad21a769d9b0fd81/elements</title>
                    <attachments>
                        <attachment title='Request' source='97e84ed1-f446-4d31-b631-1173b732d904-attachment.json' type='application/json' size='63'/>
                        <attachment title='Response' source='5151c5b1-9006-4a79-ba9a-85c03b8fd61a-attachment.json' type='application/json' size='161'/>
                    </attachments>
                    <steps/>
                </step>
                <step start='1535043527741' status='passed' stop='1535043527854'>
                    <name>GET /wd/hub/session/6a291e2afb31a322ad21a769d9b0fd81/element/0.05065881813446538-1/displayed</name>
                    <title>GET /wd/hub/session/6a291e2afb31a322ad21a769d9b0fd81/element/0.05065881813446538-1/displayed</title>
                    <attachments>
                        <attachment title='Response' source='b0098cb0-8b0d-4dac-9417-df48159ae19c-attachment.json' type='application/json' size='91'/>
                    </attachments>
                    <steps/>
                </step>
            </steps>
            <attachments/>
        </test-case>
        <test-case start='1535043527857' status='broken' stop='1535043527867'>
            <name>take screenshot</name>
            <title>take screenshot</title>
            <labels>
                <label name='language' value='javascript'/>
                <label name='framework' value='wdio'/>
            </labels>
            <parameters>
                <parameter kind='argument' name='browser' value='chrome'/>
                <parameter kind='environment-variable' name='capabilities' value='{"browserName":"chrome","platform":"","version":"","maxInstances":"1"}'/>
                <parameter kind='environment-variable' name='spec files' value='["C:\\webdriverIO-with-mochaBDD-master\\test\\specs\\scrin\\screentest-pagefilter.js"]'/>
            </parameters>
            <steps/>
            <attachments/>
            <failure>
                <message>browser.File is not a function</message>
                <stack-trace>TypeError: browser.File is not a function
                    at Context.it (C:/webdriverIO-with-mochaBDD-master/test/specs/scrin/screentest-pagefilter.js:22:42)
                    at C:\webdriverIO-with-mochaBDD-master\node_modules\wdio-sync\build\index.js:590:26
                    at new Promise (&lt;anonymous>)
                    at new F (C:\webdriverIO-with-mochaBDD-master\node_modules\core-js\library\modules\_export.js:36:28)
                    at Context.executeSync (C:\webdriverIO-with-mochaBDD-master\node_modules\wdio-sync\build\index.js:588:12)
                    at C:\webdriverIO-with-mochaBDD-master\node_modules\wdio-sync\build\index.js:759:42</stack-trace>
            </failure>
        </test-case>
        <test-case start='1535043527868' status='passed' stop='1535043528529'>
            <name>take second screenshot</name>
            <title>take second screenshot</title>
            <labels>
                <label name='language' value='javascript'/>
                <label name='framework' value='wdio'/>
            </labels>
            <parameters>
                <parameter kind='argument' name='browser' value='chrome'/>
                <parameter kind='environment-variable' name='capabilities' value='{"browserName":"chrome","platform":"","version":"","maxInstances":"1"}'/>
                <parameter kind='environment-variable' name='spec files' value='["C:\\webdriverIO-with-mochaBDD-master\\test\\specs\\scrin\\screentest-pagefilter.js"]'/>
            </parameters>
            <steps>
                <step start='1535043527869' status='undefined'>
                    <name>GET /wd/hub/session/6a291e2afb31a322ad21a769d9b0fd81/screenshot</name>
                    <title>GET /wd/hub/session/6a291e2afb31a322ad21a769d9b0fd81/screenshot</title>
                    <attachments>
                        <attachment title='Screenshot' source='dbd6f628-ca17-4ea2-adb3-c7b6369d7515-attachment.png' type='image/png' size='122089'/>
                    </attachments>
                    <steps/>
                </step>
            </steps>
            <attachments/>
        </test-case>
        <test-case start='1535043528530' status='broken' stop='1535043528532'>
            <name>compare screenshots</name>
            <title>compare screenshots</title>
            <labels>
                <label name='language' value='javascript'/>
                <label name='framework' value='wdio'/>
            </labels>
            <parameters>
                <parameter kind='argument' name='browser' value='chrome'/>
                <parameter kind='environment-variable' name='capabilities' value='{"browserName":"chrome","platform":"","version":"","maxInstances":"1"}'/>
                <parameter kind='environment-variable' name='spec files' value='["C:\\webdriverIO-with-mochaBDD-master\\test\\specs\\scrin\\screentest-pagefilter.js"]'/>
            </parameters>
            <steps/>
            <attachments/>
            <failure>
                <message>First argument must be a string, Buffer, ArrayBuffer, Array, or array-like object.</message>
                <stack-trace>TypeError: First argument must be a string, Buffer, ArrayBuffer, Array, or array-like object.
                    at Function.Buffer.from (buffer.js:183:11)
                    at Object.compareScreenshots (C:/webdriverIO-with-mochaBDD-master/helpers/screenshot-compare.js:12:43)
                    at Context.it (C:/webdriverIO-with-mochaBDD-master/test/specs/scrin/screentest-pagefilter.js:33:48)
                    at C:\webdriverIO-with-mochaBDD-master\node_modules\wdio-sync\build\index.js:590:26
                    at new Promise (&lt;anonymous>)
                    at new F (C:\webdriverIO-with-mochaBDD-master\node_modules\core-js\library\modules\_export.js:36:28)
                    at Context.executeSync (C:\webdriverIO-with-mochaBDD-master\node_modules\wdio-sync\build\index.js:588:12)
                    at C:\webdriverIO-with-mochaBDD-master\node_modules\wdio-sync\build\index.js:759:42</stack-trace>
            </failure>
        </test-case>
    </test-cases>
</ns2:test-suite>