<?xml version='1.0'?>
<ns2:test-suite xmlns:ns2='urn:model.allure.qatools.yandex.ru' start='1535043302623' stop='1535043314151'>
    <name>smoke screenshot test</name>
    <title>smoke screenshot test</title>
    <test-cases>
        <test-case start='1535043302651' status='passed' stop='1535043313667'>
            <name>"before all" hook</name>
            <title>"before all" hook</title>
            <labels/>
            <parameters/>
            <steps>
                <step start='1535043302655' status='passed' stop='1535043303823'>
                    <name>POST /wd/hub/session/7edb32ae5c8c43ee269dbedca2d033a9/window/current/maximize</name>
                    <title>POST /wd/hub/session/7edb32ae5c8c43ee269dbedca2d033a9/window/current/maximize</title>
                    <attachments>
                        <attachment title='Response' source='0178896d-49d8-467a-a3c5-3546f0a3960b-attachment.json' type='application/json' size='91'/>
                    </attachments>
                    <steps/>
                </step>
                <step start='1535043303824' status='passed' stop='1535043313391'>
                    <name>POST /wd/hub/session/7edb32ae5c8c43ee269dbedca2d033a9/url</name>
                    <title>POST /wd/hub/session/7edb32ae5c8c43ee269dbedca2d033a9/url</title>
                    <attachments>
                        <attachment title='Request' source='669598ea-7ad9-4161-8673-622dc947002b-attachment.json' type='application/json' size='44'/>
                        <attachment title='Response' source='321e839d-898c-4a66-9090-3b617887705a-attachment.json' type='application/json' size='91'/>
                    </attachments>
                    <steps/>
                </step>
                <step start='1535043313408' status='passed' stop='1535043313537'>
                    <name>POST /wd/hub/session/7edb32ae5c8c43ee269dbedca2d033a9/elements</name>
                    <title>POST /wd/hub/session/7edb32ae5c8c43ee269dbedca2d033a9/elements</title>
                    <attachments>
                        <attachment title='Request' source='c52edfbf-e5ed-451b-8de1-87c6dabd1cb0-attachment.json' type='application/json' size='63'/>
                        <attachment title='Response' source='e20ccbeb-911d-49c2-9a6b-1ee92cc2a374-attachment.json' type='application/json' size='161'/>
                    </attachments>
                    <steps/>
                </step>
                <step start='1535043313538' status='passed' stop='1535043313665'>
                    <name>GET /wd/hub/session/7edb32ae5c8c43ee269dbedca2d033a9/element/0.03206296858728397-1/displayed</name>
                    <title>GET /wd/hub/session/7edb32ae5c8c43ee269dbedca2d033a9/element/0.03206296858728397-1/displayed</title>
                    <attachments>
                        <attachment title='Response' source='1bd612a6-9f78-47ba-a1e7-a9187a9a8d00-attachment.json' type='application/json' size='91'/>
                    </attachments>
                    <steps/>
                </step>
            </steps>
            <attachments/>
        </test-case>
        <test-case start='1535043313668' status='broken' stop='1535043313719'>
            <name>take screenshot</name>
            <title>take screenshot</title>
            <labels>
                <label name='language' value='javascript'/>
                <label name='framework' value='wdio'/>
            </labels>
            <parameters>
                <parameter kind='argument' name='browser' value='chrome'/>
                <parameter kind='environment-variable' name='capabilities' value='{"browserName":"chrome","platform":"","version":"","maxInstances":"1"}'/>
                <parameter kind='environment-variable' name='spec files' value='["C:\\webdriverIO-with-mochaBDD-master\\test\\specs\\scrin\\screentest-pagefilter.js"]'/>
            </parameters>
            <steps/>
            <attachments/>
            <failure>
                <message>Error: ENOENT: no such file or directory, open 'C:\webdriverIO-with-mochaBDD-master\fixtures\dashboard\feedback\sova.jpg'</message>
                <stack-trace>Error: Error: ENOENT: no such file or directory, open 'C:\webdriverIO-with-mochaBDD-master\fixtures\dashboard\feedback\sova.jpg'
                    at Archiver.&lt;anonymous> (C:\webdriverIO-with-mochaBDD-master\node_modules\webdriverio\build\lib\commands\uploadFile.js:54:19)
                    at emitOne (events.js:121:20)
                    at Archiver.emit (events.js:211:7)
                    at Archiver.&lt;anonymous> (C:\webdriverIO-with-mochaBDD-master\node_modules\archiver\lib\core.js:188:12)
                    at module.exports.handleStuff (C:\webdriverIO-with-mochaBDD-master\node_modules\compress-commons\lib\archivers\zip\zip-archive-output-stream.js:176:5)
                    at Object.onceWrapper (events.js:313:30)
                    at emitNone (events.js:111:20)
                    at module.exports.emit (events.js:208:7)
                    at endReadableNT (_stream_readable.js:1064:12)
                    at _combinedTickCallback (internal/process/next_tick.js:138:11)</stack-trace>
            </failure>
        </test-case>
        <test-case start='1535043313720' status='passed' stop='1535043314134'>
            <name>take second screenshot</name>
            <title>take second screenshot</title>
            <labels>
                <label name='language' value='javascript'/>
                <label name='framework' value='wdio'/>
            </labels>
            <parameters>
                <parameter kind='argument' name='browser' value='chrome'/>
                <parameter kind='environment-variable' name='capabilities' value='{"browserName":"chrome","platform":"","version":"","maxInstances":"1"}'/>
                <parameter kind='environment-variable' name='spec files' value='["C:\\webdriverIO-with-mochaBDD-master\\test\\specs\\scrin\\screentest-pagefilter.js"]'/>
            </parameters>
            <steps>
                <step start='1535043313722' status='undefined'>
                    <name>GET /wd/hub/session/7edb32ae5c8c43ee269dbedca2d033a9/screenshot</name>
                    <title>GET /wd/hub/session/7edb32ae5c8c43ee269dbedca2d033a9/screenshot</title>
                    <attachments>
                        <attachment title='Screenshot' source='d0f276b3-b9b7-44d2-91e1-75244720a30f-attachment.png' type='image/png' size='121381'/>
                    </attachments>
                    <steps/>
                </step>
            </steps>
            <attachments/>
        </test-case>
        <test-case start='1535043314135' status='failed' stop='1535043314146'>
            <name>compare screenshots</name>
            <title>compare screenshots</title>
            <labels>
                <label name='language' value='javascript'/>
                <label name='framework' value='wdio'/>
            </labels>
            <parameters>
                <parameter kind='argument' name='browser' value='chrome'/>
                <parameter kind='environment-variable' name='capabilities' value='{"browserName":"chrome","platform":"","version":"","maxInstances":"1"}'/>
                <parameter kind='environment-variable' name='spec files' value='["C:\\webdriverIO-with-mochaBDD-master\\test\\specs\\scrin\\screentest-pagefilter.js"]'/>
            </parameters>
            <steps/>
            <attachments/>
            <failure>
                <message>expected null to not equal null</message>
                <stack-trace>AssertionError: expected null to not equal null
                    at Context.it (C:/webdriverIO-with-mochaBDD-master/test/specs/scrin/screentest-pagefilter.js:30:44)
                    at C:\webdriverIO-with-mochaBDD-master\node_modules\wdio-sync\build\index.js:590:26
                    at new Promise (&lt;anonymous>)
                    at new F (C:\webdriverIO-with-mochaBDD-master\node_modules\core-js\library\modules\_export.js:36:28)
                    at Context.executeSync (C:\webdriverIO-with-mochaBDD-master\node_modules\wdio-sync\build\index.js:588:12)
                    at C:\webdriverIO-with-mochaBDD-master\node_modules\wdio-sync\build\index.js:759:42</stack-trace>
            </failure>
        </test-case>
    </test-cases>
</ns2:test-suite>